#
# A fatal error has been detected by the Java Runtime Environment:
#
#  EXCEPTION_ACCESS_VIOLATION (0xc0000005) at pc=0x000000006d784285, pid=5528, tid=1996
#
# JRE version: 6.0_17-b04
# Java VM: Java HotSpot(TM) 64-Bit Server VM (14.3-b01 mixed mode windows-amd64 )
# Problematic frame:
# C  [m_dispatcher.dll+0x4285]
#
# If you would like to submit a bug report, please visit:
#   http://java.sun.com/webapps/bugreport/crash.jsp
# The crash happened outside the Java Virtual Machine in native code.
# See problematic frame for where to report the bug.
#

---------------  T H R E A D  ---------------

Current thread (0x000000000ef72000):  JavaThread "Timer-0" [_thread_in_native, id=1996, stack(0x000000000d5f0000,0x000000000d670000)]

siginfo: ExceptionCode=0xc0000005, reading address 0x0000000000000478

Registers:
EAX=0x0000000000002120, EBX=0x0000000000000000, ECX=0x0000000075aa7648, EDX=0x000000000d668ee0
ESP=0x000000000d666ba0, EBP=0x0000000075aa7648, ESI=0x000000000d668ee0, EDI=0x0000000075aa7648
EIP=0x000000006d784285, EFLAGS=0x0000000000010206

Top of Stack: (sp=0x000000000d666ba0)
0x000000000d666ba0:   0000000000000000 0000000000000000
0x000000000d666bb0:   0000000000000000 0000000000000000
0x000000000d666bc0:   0000000075aa7648 000000006d784259
0x000000000d666bd0:   0000000000002000 0000000000000000
0x000000000d666be0:   0000000000000000 0000000000000000
0x000000000d666bf0:   0000000000000000 00000000691c530f
0x000000000d666c00:   0000000000000000 0000000000000000
0x000000000d666c10:   0000000000000000 0000000000000000
0x000000000d666c20:   fffffffffffffffe 0000000000000000
0x000000000d666c30:   0000000000000000 0000000000000000
0x000000000d666c40:   0000000000000000 0000000000000000
0x000000000d666c50:   0000000000000000 0000000000000000
0x000000000d666c60:   0000000000000000 0000000000000000
0x000000000d666c70:   0000000000000000 0000000000000000
0x000000000d666c80:   0000000000000000 0000000000000000
0x000000000d666c90:   0000000000000000 0000000000000000 

Instructions: (pc=0x000000006d784285)
0x000000006d784275:   89 5c 24 30 48 8b 1d c8 ec 09 00 48 89 7c 24 20
0x000000006d784285:   48 83 bb 78 04 00 00 00 0f 85 bd 09 03 00 48 8b 


Stack: [0x000000000d5f0000,0x000000000d670000],  sp=0x000000000d666ba0,  free space=474k
Native frames: (J=compiled Java code, j=interpreted, Vv=VM code, C=native code)
C  [m_dispatcher.dll+0x4285]

Java frames: (J=compiled Java code, j=interpreted, Vv=VM code)
J  com.mathworks.jmi.NativeMatlab.PostMatlabMessage(Ljava/lang/Object;J)V
J  com.mathworks.jmi.MatlabLooper.postMatlabMessage(Lcom/mathworks/services/message/MWMessage;Lcom/mathworks/services/message/MWHandler;)V
j  com.mathworks.jmi.Matlab$2.run()V+13
J  java.util.TimerThread.mainLoop()V
j  java.util.TimerThread.run()V+1
v  ~StubRoutines::call_stub

---------------  P R O C E S S  ---------------

Java Threads: ( => current thread )
  0x000000000e1b8000 JavaThread "Active Reference Queue Daemon" daemon [_thread_blocked, id=5752, stack(0x000000000fd00000,0x000000000fd80000)]
  0x000000000e1b7000 JavaThread "Timer-8" daemon [_thread_blocked, id=5776, stack(0x0000000066d40000,0x0000000066dc0000)]
  0x000000000e1b6000 JavaThread "Timer-7" daemon [_thread_blocked, id=5736, stack(0x0000000066720000,0x00000000667a0000)]
  0x000000000e1b5000 JavaThread "Explorer NavigationContext request queue" [_thread_blocked, id=5632, stack(0x000000000ff20000,0x000000000ffa0000)]
  0x000000000e1b1800 JavaThread "Timer-1" [_thread_blocked, id=4388, stack(0x000000002d500000,0x000000002d580000)]
  0x000000000f5c3000 JavaThread "TimerQueue" daemon [_thread_blocked, id=2792, stack(0x0000000021110000,0x0000000021190000)]
  0x000000000f245000 JavaThread "com.google.common.base.internal.Finalizer" daemon [_thread_blocked, id=5912, stack(0x0000000014f80000,0x0000000015000000)]
  0x000000000f3b2000 JavaThread "AWT-Windows" daemon [_thread_in_native, id=5900, stack(0x000000000fe90000,0x000000000ff10000)]
  0x000000000f3b1000 JavaThread "Java2D Disposer" daemon [_thread_blocked, id=5916, stack(0x000000000d0e0000,0x000000000d160000)]
=>0x000000000ef72000 JavaThread "Timer-0" [_thread_in_native, id=1996, stack(0x000000000d5f0000,0x000000000d670000)]
  0x000000000ee83000 JavaThread "EventMgr Dispatcher" daemon [_thread_in_native, id=972, stack(0x00000000190d0000,0x000000001d0d0000)]
  0x000000000d42c000 JavaThread "Low Memory Detector" daemon [_thread_blocked, id=4960, stack(0x000000000d510000,0x000000000d590000)]
  0x000000000d425800 JavaThread "CompilerThread1" daemon [_thread_blocked, id=5996, stack(0x0000000094210000,0x0000000098210000)]
  0x000000000d41f800 JavaThread "CompilerThread0" daemon [_thread_blocked, id=5992, stack(0x00000000901c0000,0x00000000941c0000)]
  0x000000000d41e800 JavaThread "Attach Listener" daemon [_thread_blocked, id=5988, stack(0x000000000d1a0000,0x000000000d220000)]
  0x000000000d3c6000 JavaThread "Finalizer" daemon [_thread_blocked, id=5980, stack(0x000000000d460000,0x000000000d4e0000)]
  0x000000000d3bb800 JavaThread "Reference Handler" daemon [_thread_blocked, id=5960, stack(0x0000000008390000,0x0000000008410000)]
  0x0000000005234000 JavaThread "main" [_thread_in_native, id=5532, stack(0x0000000000030000,0x0000000004030000)]

Other Threads:
  0x000000000d3b6800 VMThread [stack: 0x000000008c150000,0x0000000090150000] [id=5984]
  0x000000000d451000 WatcherThread [stack: 0x0000000098380000,0x000000009c380000] [id=4180]

VM state:not at safepoint (normal execution)

VM Mutex/Monitor currently owned by a thread: None

Heap
 PSYoungGen      total 49600K, used 38076K [0x000000004d9e0000, 0x0000000050ae0000, 0x0000000050ae0000)
  eden space 49024K, 76% used [0x000000004d9e0000,0x000000004fe84188,0x00000000509c0000)
  from space 576K, 96% used [0x00000000509c0000,0x0000000050a4b270,0x0000000050a50000)
  to   space 576K, 0% used [0x0000000050a50000,0x0000000050a50000,0x0000000050ae0000)
 PSOldGen        total 150528K, used 129255K [0x00000000446e0000, 0x000000004d9e0000, 0x000000004d9e0000)
  object space 150528K, 85% used [0x00000000446e0000,0x000000004c519fc8,0x000000004d9e0000)
 PSPermGen       total 109696K, used 60940K [0x000000003c6e0000, 0x0000000043200000, 0x00000000446e0000)
  object space 109696K, 55% used [0x000000003c6e0000,0x0000000040263208,0x0000000043200000)

Dynamic libraries:
0x000000013fea0000 - 0x000000013fed2000 	C:\Program Files\MATLAB\R2012a\bin\win64\MATLAB.exe
0x00000000778a0000 - 0x0000000077a49000 	C:\Windows\SYSTEM32\ntdll.dll
0x0000000077420000 - 0x000000007753f000 	C:\Windows\system32\kernel32.dll
0x000007fefddf0000 - 0x000007fefde5c000 	C:\Windows\system32\KERNELBASE.dll
0x0000000074460000 - 0x0000000074554000 	C:\Program Files\MATLAB\R2012a\bin\win64\libut.dll
0x00000000758a0000 - 0x0000000075952000 	C:\Program Files\MATLAB\R2012a\bin\win64\libmwi18n.dll
0x0000000180000000 - 0x000000018000b000 	C:\Program Files\MATLAB\R2012a\bin\win64\libmwresource_core.dll
0x0000000071950000 - 0x0000000071a23000 	C:\Windows\WinSxS\amd64_microsoft.vc90.crt_1fc8b3b9a1e18e3b_9.0.30729.6161_none_08e61857a83bc251\MSVCP90.dll
0x00000000718a0000 - 0x0000000071943000 	C:\Windows\WinSxS\amd64_microsoft.vc90.crt_1fc8b3b9a1e18e3b_9.0.30729.6161_none_08e61857a83bc251\MSVCR90.dll
0x000000007a170000 - 0x000000007a19c000 	C:\Program Files\MATLAB\R2012a\bin\win64\boost_filesystem-vc90-mt-1_44.dll
0x000000007a560000 - 0x000000007a569000 	C:\Program Files\MATLAB\R2012a\bin\win64\boost_system-vc90-mt-1_44.dll
0x000007fefe120000 - 0x000007fefe1fb000 	C:\Windows\system32\ADVAPI32.dll
0x000007fefeb00000 - 0x000007fefeb9f000 	C:\Windows\system32\msvcrt.dll
0x000007fefe100000 - 0x000007fefe11f000 	C:\Windows\SYSTEM32\sechost.dll
0x000007fefe200000 - 0x000007fefe32d000 	C:\Windows\system32\RPCRT4.dll
0x000000007a010000 - 0x000000007a035000 	C:\Program Files\MATLAB\R2012a\bin\win64\LIBEXPAT.dll
0x000000006d9c0000 - 0x000000006dbb1000 	C:\Program Files\MATLAB\R2012a\bin\win64\icuin44.dll
0x000000006d840000 - 0x000000006d9b1000 	C:\Program Files\MATLAB\R2012a\bin\win64\icuuc44.dll
0x0000000010000000 - 0x0000000010e41000 	C:\Program Files\MATLAB\R2012a\bin\win64\icudt44.dll
0x0000000073f70000 - 0x00000000740ad000 	C:\Program Files\MATLAB\R2012a\bin\win64\libmwfl.dll
0x00000000042b0000 - 0x00000000045a6000 	C:\Program Files\MATLAB\R2012a\bin\win64\libmwMATLAB_res.dll
0x000000007a3b0000 - 0x000000007a3c0000 	C:\Program Files\MATLAB\R2012a\bin\win64\boost_date_time-vc90-mt-1_44.dll
0x000000007a250000 - 0x000000007a263000 	C:\Program Files\MATLAB\R2012a\bin\win64\boost_signals-vc90-mt-1_44.dll
0x000000007a2d0000 - 0x000000007a2e2000 	C:\Program Files\MATLAB\R2012a\bin\win64\boost_thread-vc90-mt-1_44.dll
0x00000000045b0000 - 0x00000000045f6000 	C:\Program Files\MATLAB\R2012a\bin\win64\tbb.dll
0x000007fefebb0000 - 0x000007fefebc9000 	C:\Windows\system32\imagehlp.dll
0x0000000077a60000 - 0x0000000077a67000 	C:\Windows\system32\PSAPI.DLL
0x0000000071610000 - 0x0000000071623000 	C:\Program Files\MATLAB\R2012a\bin\win64\icuio44.dll
0x000007feef300000 - 0x000007feef425000 	C:\Windows\system32\dbghelp.dll
0x0000000077320000 - 0x000000007741a000 	C:\Windows\system32\USER32.dll
0x000007fefebd0000 - 0x000007fefec37000 	C:\Windows\system32\GDI32.dll
0x000007fefe330000 - 0x000007fefe33e000 	C:\Windows\system32\LPK.dll
0x000007fefe750000 - 0x000007fefe819000 	C:\Windows\system32\USP10.dll
0x000000007bed0000 - 0x000000007c183000 	C:\Program Files\MATLAB\R2012a\bin\win64\libmwservices.dll
0x0000000075a20000 - 0x0000000075ae2000 	C:\Program Files\MATLAB\R2012a\bin\win64\libmx.dll
0x000000007a210000 - 0x000000007a228000 	C:\Program Files\MATLAB\R2012a\bin\win64\zlib1.dll
0x0000000004630000 - 0x0000000004651000 	C:\Program Files\MATLAB\R2012a\bin\win64\libmwmfl_scalar.dll
0x0000000075f10000 - 0x0000000075f5d000 	C:\Program Files\MATLAB\R2012a\bin\win64\mpath.dll
0x000000007b680000 - 0x000000007bbe1000 	C:\Program Files\MATLAB\R2012a\bin\win64\mlutil.dll
0x000000006f540000 - 0x000000006f5bf000 	C:\Program Files\MATLAB\R2012a\bin\win64\xmlcore.dll
0x000000007bc30000 - 0x000000007be83000 	C:\Program Files\MATLAB\R2012a\bin\win64\xerces-c_2_7.dll
0x000007fefea10000 - 0x000007fefea5d000 	C:\Windows\system32\WS2_32.dll
0x000007fefeba0000 - 0x000007fefeba8000 	C:\Windows\system32\NSI.dll
0x00000000046b0000 - 0x00000000046ca000 	C:\Program Files\MATLAB\R2012a\bin\win64\libmwMATLAB_settings_res.dll
0x00000000046e0000 - 0x0000000004727000 	C:\Program Files\MATLAB\R2012a\bin\win64\boost_serialization-vc90-mt-1_44.dll
0x000007fefee20000 - 0x000007feffba8000 	C:\Windows\system32\SHELL32.dll
0x000007fefe3c0000 - 0x000007fefe431000 	C:\Windows\system32\SHLWAPI.dll
0x000007fefa780000 - 0x000007fefa820000 	C:\Windows\WinSxS\amd64_microsoft.windows.common-controls_6595b64144ccf1df_5.82.7601.17514_none_a4d6a923711520a9\COMCTL32.dll
0x000007fefea60000 - 0x000007fefeaf7000 	C:\Windows\system32\COMDLG32.dll
0x000007fefbdf0000 - 0x000007fefbe06000 	C:\Windows\system32\NETAPI32.dll
0x000007fefd1c0000 - 0x000007fefd1cc000 	C:\Windows\system32\netutils.dll
0x000007fefd870000 - 0x000007fefd893000 	C:\Windows\system32\srvcli.dll
0x000007fefbdd0000 - 0x000007fefbde5000 	C:\Windows\system32\wkscli.dll
0x000007fefe4e0000 - 0x000007fefe6e3000 	C:\Windows\system32\ole32.dll
0x000007fefe820000 - 0x000007fefe8f7000 	C:\Windows\system32\OLEAUT32.dll
0x0000000074970000 - 0x0000000074b06000 	C:\Program Files\MATLAB\R2012a\bin\win64\mcr.dll
0x0000000075000000 - 0x000000007536b000 	C:\Program Files\MATLAB\R2012a\bin\win64\iqm.dll
0x00000000690a0000 - 0x00000000698c1000 	C:\Program Files\MATLAB\R2012a\bin\win64\m_interpreter.dll
0x0000000070aa0000 - 0x0000000070ac5000 	C:\Program Files\MATLAB\R2012a\bin\win64\libmex.dll
0x000000006d780000 - 0x000000006d833000 	C:\Program Files\MATLAB\R2012a\bin\win64\m_dispatcher.dll
0x0000000074880000 - 0x000000007496d000 	C:\Program Files\MATLAB\R2012a\bin\win64\boost_regex-vc90-mt-1_44.dll
0x000000006d6f0000 - 0x000000006d774000 	C:\Program Files\MATLAB\R2012a\bin\win64\profiler.dll
0x00000000047b0000 - 0x0000000004a05000 	C:\Program Files\MATLAB\R2012a\bin\win64\libmwmathutil.dll
0x0000000079f40000 - 0x0000000079f6d000 	C:\Program Files\MATLAB\R2012a\bin\win64\libmwmathrng.dll
0x0000000074c10000 - 0x0000000074ced000 	C:\Program Files\MATLAB\R2012a\bin\win64\libmwmathcore.dll
0x0000000076160000 - 0x00000000761cb000 	C:\Program Files\MATLAB\R2012a\bin\win64\libmwspmatrix.dll
0x0000000075ea0000 - 0x0000000075f02000 	C:\Program Files\MATLAB\R2012a\bin\win64\libmwcholmod.dll
0x000000007a460000 - 0x000000007a46d000 	C:\Program Files\MATLAB\R2012a\bin\win64\libmwamd.dll
0x000000007a4b0000 - 0x000000007a4bc000 	C:\Program Files\MATLAB\R2012a\bin\win64\libmwcolamd.dll
0x0000000070710000 - 0x0000000070729000 	C:\Program Files\MATLAB\R2012a\bin\win64\libmwblas.dll
0x000000006f520000 - 0x000000006f532000 	C:\Program Files\MATLAB\R2012a\bin\win64\libmwbinder.dll
0x0000000071650000 - 0x000000007165b000 	C:\Program Files\MATLAB\R2012a\bin\win64\libmwompwrapper.dll
0x000000006ce90000 - 0x000000006cf16000 	C:\Program Files\MATLAB\R2012a\bin\win64\libmwlapack.dll
0x000000006ce60000 - 0x000000006ce81000 	C:\Program Files\MATLAB\R2012a\bin\win64\m_pcodeio.dll
0x0000000079b10000 - 0x0000000079b77000 	C:\Program Files\MATLAB\R2012a\bin\win64\m_ir.dll
0x0000000068a50000 - 0x00000000690a0000 	C:\Program Files\MATLAB\R2012a\bin\win64\m_parser.dll
0x000000006d6d0000 - 0x000000006d6ea000 	C:\Program Files\MATLAB\R2012a\bin\win64\ir_xfmr.dll
0x00000000687d0000 - 0x0000000068a49000 	C:\Program Files\MATLAB\R2012a\bin\win64\mcos.dll
0x0000000070700000 - 0x000000007070c000 	C:\Program Files\MATLAB\R2012a\bin\win64\mtok.dll
0x000000006ce20000 - 0x000000006ce51000 	C:\Program Files\MATLAB\R2012a\bin\win64\m_pcodegen.dll
0x0000000079fb0000 - 0x0000000079fe7000 	C:\Program Files\MATLAB\R2012a\bin\win64\libmwbridge.dll
0x0000000068700000 - 0x00000000687c8000 	C:\Program Files\MATLAB\R2012a\bin\win64\udd.dll
0x00000000685a0000 - 0x00000000686f2000 	C:\Program Files\MATLAB\R2012a\bin\win64\libmwgui.dll
0x000000006ce00000 - 0x000000006ce17000 	C:\Program Files\MATLAB\R2012a\bin\win64\graphics_util.dll
0x0000000067bf0000 - 0x0000000068593000 	C:\Program Files\MATLAB\R2012a\bin\win64\hg.dll
0x0000000004b80000 - 0x0000000004be7000 	C:\Program Files\MATLAB\R2012a\bin\win64\libmat.dll
0x0000000072d30000 - 0x0000000072f44000 	C:\Program Files\MATLAB\R2012a\bin\win64\hdf5dll.dll
0x0000000075710000 - 0x00000000757c1000 	C:\Program Files\MATLAB\R2012a\bin\win64\jmi.dll
0x0000000004c20000 - 0x0000000004c2e000 	C:\Program Files\MATLAB\R2012a\bin\win64\nativejava_services.dll
0x00000000703f0000 - 0x0000000070432000 	C:\Program Files\MATLAB\R2012a\bin\win64\libmwhardcopy.dll
0x0000000067b90000 - 0x0000000067bea000 	C:\Program Files\MATLAB\R2012a\bin\win64\libuij.dll
0x0000000067980000 - 0x0000000067b8c000 	C:\Program Files\MATLAB\R2012a\bin\win64\hgdatatypes.dll
0x0000000067880000 - 0x000000006797d000 	C:\Program Files\MATLAB\R2012a\bin\win64\hgutils.dll
0x00000000677c0000 - 0x000000006787d000 	C:\Program Files\MATLAB\R2012a\bin\win64\udd_mi.dll
0x0000000004c90000 - 0x0000000004ccb000 	C:\Program Files\MATLAB\R2012a\bin\win64\libmwgbtutils.dll
0x0000000004ce0000 - 0x0000000004cf9000 	C:\Program Files\MATLAB\R2012a\bin\win64\libmwgbt.dll
0x0000000004d10000 - 0x0000000004fda000 	C:\Program Files\MATLAB\R2012a\bin\win64\uiw.dll
0x0000000071660000 - 0x000000007166f000 	C:\Program Files\MATLAB\R2012a\bin\win64\uinone.dll
0x000007fef8020000 - 0x000007fef8038000 	C:\Windows\system32\MPR.dll
0x00000000672d0000 - 0x00000000677b4000 	C:\Windows\WinSxS\amd64_microsoft.vc90.mfc_1fc8b3b9a1e18e3b_9.0.30729.6161_none_044aad0bab1eb146\mfc90.dll
0x000007fefae40000 - 0x000007fefae47000 	C:\Windows\system32\MSIMG32.dll
0x000007fefa700000 - 0x000007fefa771000 	C:\Windows\system32\WINSPOOL.DRV
0x00000000672b0000 - 0x00000000672d0000 	C:\Program Files\MATLAB\R2012a\bin\win64\mwoles05.DLL
0x0000000067230000 - 0x00000000672ac000 	C:\Program Files\MATLAB\R2012a\bin\win64\comcli.dll
0x0000000071870000 - 0x000000007189f000 	C:\Windows\WinSxS\amd64_microsoft.vc90.atl_1fc8b3b9a1e18e3b_9.0.30729.6161_none_0a1fd3a3a768b895\ATL90.DLL
0x00000000703e0000 - 0x00000000703ec000 	C:\Program Files\MATLAB\R2012a\bin\win64\mlautoregister.dll
0x0000000005030000 - 0x0000000005040000 	C:\Program Files\MATLAB\R2012a\bin\win64\boost_iostreams-vc90-mt-1_44.dll
0x000007fefe0d0000 - 0x000007fefe0fe000 	C:\Windows\system32\IMM32.DLL
0x000007fefe900000 - 0x000007fefea09000 	C:\Windows\system32\MSCTF.dll
0x000007fefc8e0000 - 0x000007fefc936000 	C:\Windows\system32\UxTheme.dll
0x000007fefc1b0000 - 0x000007fefc1c8000 	C:\Windows\system32\dwmapi.dll
0x0000000070310000 - 0x000000007031d000 	C:\Windows\WinSxS\amd64_microsoft.vc90.mfcloc_1fc8b3b9a1e18e3b_9.0.30729.6161_none_01c9581e60cbee58\MFC90ENU.DLL
0x00000000052e0000 - 0x0000000005309000 	C:\Program Files\MATLAB\R2012a\bin\win64\tbbmalloc.dll
0x000007fefdd00000 - 0x000007fefdd0f000 	C:\Windows\system32\profapi.dll
0x000007fef5240000 - 0x000007fef524f000 	C:\Program Files\MATLAB\R2012a\bin\win64\xmlxrcsc.dll
0x000007fefdc30000 - 0x000007fefdc3f000 	C:\Windows\system32\CRYPTBASE.dll
0x000007fefc940000 - 0x000007fefcb34000 	C:\Windows\WinSxS\amd64_microsoft.windows.common-controls_6595b64144ccf1df_6.0.7601.17514_none_fa396087175ac9ac\comctl32.dll
0x000007fefec40000 - 0x000007fefee17000 	C:\Windows\system32\SETUPAPI.dll
0x000007fefddb0000 - 0x000007fefdde6000 	C:\Windows\system32\CFGMGR32.dll
0x000007fefe0b0000 - 0x000007fefe0ca000 	C:\Windows\system32\DEVOBJ.dll
0x000007fefe440000 - 0x000007fefe4d9000 	C:\Windows\system32\CLBCatQ.DLL
0x000007fefc1d0000 - 0x000007fefc2fc000 	C:\Windows\system32\propsys.dll
0x000007fefc500000 - 0x000007fefc52d000 	C:\Windows\system32\ntmarta.dll
0x000007fefe6f0000 - 0x000007fefe742000 	C:\Windows\system32\WLDAP32.dll
0x0000000078870000 - 0x0000000078ecd000 	C:\Program Files\MATLAB\R2012a\sys\java\jre\win64\jre\bin\server\jvm.dll
0x000007fefae50000 - 0x000007fefae8b000 	C:\Windows\system32\WINMM.dll
0x0000000066e60000 - 0x0000000066e63000 	C:\Windows\system32\icmp.Dll
0x000007fefb640000 - 0x000007fefb667000 	C:\Windows\system32\iphlpapi.DLL

VM Arguments:
jvm_args: -Xss512k -XX:PermSize=32m -Xms64m -XX:NewRatio=3 -XX:MaxPermSize=128m -Xmx196m -XX:MaxDirectMemorySize=2147400000 -Dsun.java2d.noddraw=true -Dsun.awt.nopixfmt=true -Xshare:off -Xrs -Dsun.awt.disableMixing=true -Djava.library.path=C:\Program Files\MATLAB\R2012a\bin\win64 vfprintf abort 
java_command: <unknown>
Launcher Type: generic

Environment Variables:
PATH=C:\Program Files (x86)\NVIDIA Corporation\PhysX\Common;C:\Program Files (x86)\MiKTeX 2.9\miktex\bin;C:\Windows\system32;C:\Windows;C:\Windows\System32\Wbem;C:\Windows\System32\WindowsPowerShell\v1.0\;c:\Program Files (x86)\Microsoft SQL Server\100\Tools\Binn\;c:\Program Files\Microsoft SQL Server\100\Tools\Binn\;c:\Program Files\Microsoft SQL Server\100\DTS\Binn\;C:\Program Files\OpenCV2.3\bin;C:\Program Files\MATLAB\R2012a\runtime\win64;C:\Program Files\MATLAB\R2012a\bin;C:\Program Files (x86)\MATLAB\R2012a\runtime\win32;C:\Program Files (x86)\MATLAB\R2012a\bin;C:\Programs\MiKTeX\miktex\bin\x64;C:\Users\dmitryr\Documents\software\OpenCV\opencv\build\x86\vc10\bin; C:\Users\dmitryr\Documents\software\ffmpeg-git-2c44aed-win64-static\bin
USERNAME=dmitryr
OS=Windows_NT
PROCESSOR_IDENTIFIER=Intel64 Family 6 Model 26 Stepping 5, GenuineIntel



---------------  S Y S T E M  ---------------

OS: Windows 7 Build 7601 Service Pack 1

CPU:total 8 (8 cores per cpu, 2 threads per core) family 6 model 26 stepping 5, cmov, cx8, fxsr, mmx, sse, sse2, sse3, ssse3, sse4.1, sse4.2, ht

Memory: 4k page, physical 12573812k(8478640k free), swap 25145772k(20047224k free)

vm_info: Java HotSpot(TM) 64-Bit Server VM (14.3-b01) for windows-amd64 JRE (1.6.0_17-b04), built on Oct 11 2009 00:46:08 by "java_re" with MS VC++ 8.0

time: Wed Oct 24 08:12:47 2012
elapsed time: 173414 seconds

